0 info it worked if it ends with ok
1 verbose cli [ '/usr/bin/node',
1 verbose cli   '/usr/bin/npm',
1 verbose cli   'install',
1 verbose cli   'sinnon',
1 verbose cli   '--save-dev' ]
2 info using npm@1.4.28
3 info using node@v0.10.40
4 verbose node symlink /usr/bin/node
5 verbose readDependencies using package.json deps
6 verbose cache add [ 'sinnon', null ]
7 verbose cache add name=undefined spec="sinnon" args=["sinnon",null]
8 verbose parsed url { protocol: null,
8 verbose parsed url   slashes: null,
8 verbose parsed url   auth: null,
8 verbose parsed url   host: null,
8 verbose parsed url   port: null,
8 verbose parsed url   hostname: null,
8 verbose parsed url   hash: null,
8 verbose parsed url   search: null,
8 verbose parsed url   query: null,
8 verbose parsed url   pathname: 'sinnon',
8 verbose parsed url   path: 'sinnon',
8 verbose parsed url   href: 'sinnon' }
9 silly lockFile 278b19b0-sinnon sinnon
10 verbose lock sinnon /home/alex/.npm/278b19b0-sinnon.lock
11 silly lockFile 278b19b0-sinnon sinnon
12 silly lockFile 278b19b0-sinnon sinnon
13 verbose addNamed [ 'sinnon', '' ]
14 verbose addNamed [ null, '*' ]
15 silly lockFile 2b276085-sinnon sinnon@
16 verbose lock sinnon@ /home/alex/.npm/2b276085-sinnon.lock
17 silly addNameRange { name: 'sinnon', range: '*', hasData: false }
18 verbose request where is /sinnon
19 verbose request registry https://registry.npmjs.org/
20 verbose request id b79a5269f9d0a723
21 verbose url raw /sinnon
22 verbose url resolving [ 'https://registry.npmjs.org/', './sinnon' ]
23 verbose url resolved https://registry.npmjs.org/sinnon
24 verbose request where is https://registry.npmjs.org/sinnon
25 info trying registry request attempt 1 at 20:02:55
26 http GET https://registry.npmjs.org/sinnon
27 http 404 https://registry.npmjs.org/sinnon
28 silly registry.get cb [ 404,
28 silly registry.get   { 'content-type': 'application/json',
28 silly registry.get     'cache-control': 'max-age=0',
28 silly registry.get     'content-length': '2',
28 silly registry.get     'accept-ranges': 'bytes',
28 silly registry.get     date: 'Tue, 03 Nov 2015 20:02:56 GMT',
28 silly registry.get     via: '1.1 varnish',
28 silly registry.get     age: '0',
28 silly registry.get     connection: 'keep-alive',
28 silly registry.get     'x-served-by': 'cache-lcy1128-LCY',
28 silly registry.get     'x-cache': 'MISS',
28 silly registry.get     'x-cache-hits': '0',
28 silly registry.get     'x-timer': 'S1446580975.894715,VS0,VE173' } ]
29 silly lockFile 2b276085-sinnon sinnon@
30 silly lockFile 2b276085-sinnon sinnon@
31 error 404 Not Found
31 error 404
31 error 404 'sinnon' is not in the npm registry.
31 error 404 You should bug the author to publish it
31 error 404 It was specified as a dependency of 'Conversor_Temperatura'
31 error 404
31 error 404 Note that you can also install from a
31 error 404 tarball, folder, or http url, or git url.
32 error System Linux 3.2.0-60-generic-pae
33 error command "/usr/bin/node" "/usr/bin/npm" "install" "sinnon" "--save-dev"
34 error cwd /home/alex/Escritorio/STWiaasP5
35 error node -v v0.10.40
36 error npm -v 1.4.28
37 error code E404
38 verbose exit [ 1, true ]
